<?xml version="1.0" encoding="UTF-8"?>
<testng-results ignored="0" total="1" passed="1" failed="0" skipped="0">
  <reporter-output>
  </reporter-output>
  <suite started-at="2022-12-01T15:23:20 IST" name="Default suite" finished-at="2022-12-01T15:23:20 IST" duration-ms="45">
    <groups>
    </groups>
    <test started-at="2022-12-01T15:23:20 IST" name="Default test" finished-at="2022-12-01T15:23:20 IST" duration-ms="45">
      <class name="NewTest">
        <test-method signature="login()[pri:0, instance:NewTest@2cd2a21f]" started-at="2022-12-01T15:23:20 IST" name="login" finished-at="2022-12-01T15:23:20 IST" duration-ms="7" status="PASS">
          <reporter-output>
          </reporter-output>
        </test-method> <!-- login -->
      </class> <!-- NewTest -->
    </test> <!-- Default test -->
  </suite> <!-- Default suite -->
</testng-results>
